>>> cc


".\Core\Src\main.c", line 110: Warning:  #870-D: invalid multibyte character sequence
    printf("[OK] ç³»ç»Ÿåˆå§‹åŒ–æˆåŠ?!\r\n");
                           ^
".\Core\Src\main.c", line 114: Warning:  #870-D: invalid multibyte character sequence
      printf("[ERROR] SMUåˆå§‹åŒ–å¤±è´?!\r\n");
                                ^
".\Core\Src\main.c", line 117: Warning:  #870-D: invalid multibyte character sequence
    printf("[OK] SMUåˆå§‹åŒ–æˆåŠ?!\r\n");
                           ^
.\Core\Src\main.c: 3 warnings, 0 errors
".\SMU\SMU.c", line 32: Warning:  #870-D: invalid multibyte character sequence
    printf("[INFO] ADCæ ¡å‡†å¼€å§?!\r\n");
                            ^
".\SMU\SMU.c", line 43: Warning:  #870-D: invalid multibyte character sequence
      printf("[ERROR] å®šæ—¶å™¨å¯åŠ¨å¤±è´?!\r\n");
                                ^
".\SMU\SMU.c", line 46: Warning:  #870-D: invalid multibyte character sequence
    printf("[OK] å®šæ—¶å™¨å¯åŠ?!\r\n");
                        ^
".\SMU\SMU.c", line 49: Warning:  #870-D: invalid multibyte character sequence
      printf("[ERROR] ADCè¿žç»­è½¬æ¢å¼€å§‹å¤±è´?!\r\n");
                                     ^
".\SMU\SMU.c", line 52: Warning:  #870-D: invalid multibyte character sequence
    printf("[OK] ADCè¿žç»­è½¬æ¢å¼€å§?!\r\n");
                             ^
".\SMU\SMU.c", line 56: Warning:  #870-D: invalid multibyte character sequence
    printf("[INFO] å¼€å§‹è¯»å–æš—å…‰ä¸‹çš„ç”µåŽ?!\r\n");
                                  ^
".\SMU\SMU.c", line 126: Warning:  #870-D: invalid multibyte character sequence
    printf("å¿«é—¨æ‰“å¼€å…‰å¼ºç§¯åˆ†: %gï¼Œæ‰“å¼€æ—¶é—´è®¡æ•°ä¸?: %lluï¼Œæ‰“å¼€æ—¶é—´: %llums\r\n", *open_sum_f, *open_span, (uint64_t) ( (*open_span) / 20));
                                        ^
.\SMU\SMU.c: 7 warnings, 0 errors

>>> ld

Program Size: Code=16276 RO-data=520 RW-data=36 ZI-data=4748  
